zc_idx_A[0] = 0.000110
zc_idx_A[1] = 0.000609
zc_idx_A[2] = 0.001096
zc_idx_A[3] = 0.001600
zc_idx_A[4] = 0.002098
zc_idx_A[5] = 0.002610
zc_idx_A[6] = 0.003113
zc_idx_A[7] = 0.003619
zc_idx_A[8] = 0.004112
zc_idx_A[9] = 0.004620
zc_idx_A[10] = 0.005122
zc_idx_A[11] = 0.005626
zc_idx_A[12] = 0.006134
zc_idx_A[13] = 0.006615
zc_idx_A[14] = 0.007122
zc_idx_A[15] = 0.007625
zc_idx_A[16] = 0.008128
zc_idx_A[17] = 0.008631
zc_idx_A[18] = 0.009130
zc_idx_A[19] = 0.009647
zc_idx_A[20] = 0.010140
zc_idx_A[21] = 0.010643
zc_idx_A[22] = 0.011131
zc_idx_A[23] = 0.011633
zc_idx_A[24] = 0.012141
zc_idx_A[25] = 0.012640
zc_idx_A[26] = 0.013149
zc_idx_A[27] = 0.013642
zc_idx_A[28] = 0.014145
zc_idx_A[29] = 0.014656
zc_idx_A[30] = 0.015158
zc_idx_A[31] = 0.015661
